app/build/intermediates/manifest_merge_blame_file/debug/manifest-merger-blame-debug-report.txt
1<?xml version="1.0" encoding="utf-8"?>
2<manifest xmlns:android="http://schemas.android.com/apk/res/android"
3    package="com.example.kmj_reco"
4    android:versionCode="1"
5    android:versionName="1.0" >
6
7    <uses-sdk
8        android:minSdkVersion="23"
8-->src\main\AndroidManifest.xml
9        android:targetSdkVersion="30" />
9-->src\main\AndroidManifest.xml
10
11    <permission
11-->src\main\AndroidManifest.xml:6:5-7:46
12        android:name="com.example.kmj_reco.permission.MAPS_RECEIVE"
12-->src\main\AndroidManifest.xml:6:17-76
13        android:protectionLevel="signature" />
13-->src\main\AndroidManifest.xml:7:9-44
14
15    <uses-permission android:name="com.example.kmj_reco.permission.MAPS_RECEIVE" />
15-->src\main\AndroidManifest.xml:9:5-84
15-->src\main\AndroidManifest.xml:9:22-81
16    <uses-permission android:name="READ_GSERVICES" />
16-->src\main\AndroidManifest.xml:10:5-53
16-->src\main\AndroidManifest.xml:10:22-51
17    <uses-permission android:name="android.permission.CAMERA" />
17-->src\main\AndroidManifest.xml:12:5-65
17-->src\main\AndroidManifest.xml:12:22-62
18    <uses-permission android:name="android.permission.INTERNET" />
18-->src\main\AndroidManifest.xml:13:5-67
18-->src\main\AndroidManifest.xml:13:22-64
19    <uses-permission android:name="android.permission.SEND_SMS" />
19-->src\main\AndroidManifest.xml:14:5-66
19-->src\main\AndroidManifest.xml:14:22-64
20    <uses-permission android:name="android.permission.ACCESS_COARSE_LOCATION" />
20-->src\main\AndroidManifest.xml:16:5-81
20-->src\main\AndroidManifest.xml:16:22-78
21    <uses-permission android:name="android.permission.ACCESS_FINE_LOCATION" />
21-->src\main\AndroidManifest.xml:17:5-79
21-->src\main\AndroidManifest.xml:17:22-76
22    <uses-permission android:name="android.permission.WRITE_EXTERNAL_STORAGE" />
22-->src\main\AndroidManifest.xml:19:5-81
22-->src\main\AndroidManifest.xml:19:22-78
23    <uses-permission android:name="android.permission.READ_EXTERNAL_STORAGE" />
23-->src\main\AndroidManifest.xml:20:5-80
23-->src\main\AndroidManifest.xml:20:22-77
24
25    <uses-feature
25-->src\main\AndroidManifest.xml:22:5-23:34
26        android:glEsVersion="0x00020000"
26-->src\main\AndroidManifest.xml:22:19-51
27        android:required="true" />
27-->src\main\AndroidManifest.xml:23:9-32
28    <uses-feature
28-->src\main\AndroidManifest.xml:25:5-27:35
29        android:name="android.hardware.camera"
29-->src\main\AndroidManifest.xml:26:9-47
30        android:required="true" />
30-->src\main\AndroidManifest.xml:27:9-32
31
32    <queries>
32-->[com.facebook.android:audience-network-sdk:6.12.0] AndroidManifest.xml:11:5-13:15
33        <package android:name="com.facebook.katana" />
33-->[com.facebook.android:audience-network-sdk:6.12.0] AndroidManifest.xml:12:9-55
33-->[com.facebook.android:audience-network-sdk:6.12.0] AndroidManifest.xml:12:18-52
34        <!-- Needs to be explicitly declared on Android R+ -->
35        <package android:name="com.google.android.apps.maps" />
35-->[com.google.android.gms:play-services-maps:18.1.0] AndroidManifest.xml:33:9-64
35-->[com.google.android.gms:play-services-maps:18.1.0] AndroidManifest.xml:33:18-61
36    </queries>
37
38    <uses-permission android:name="android.permission.ACCESS_NETWORK_STATE" />
38-->[com.facebook.android:audience-network-sdk:6.12.0] AndroidManifest.xml:16:5-79
38-->[com.facebook.android:audience-network-sdk:6.12.0] AndroidManifest.xml:16:22-76
39    <uses-permission android:name="com.google.android.gms.permission.AD_ID" />
39-->[com.facebook.android:audience-network-sdk:6.12.0] AndroidManifest.xml:17:5-79
39-->[com.facebook.android:audience-network-sdk:6.12.0] AndroidManifest.xml:17:22-76
40
41    <uses-feature
41-->[com.journeyapps:zxing-android-embedded:3.6.0] AndroidManifest.xml:28:5-30:36
42        android:name="android.hardware.camera.front"
42-->[com.journeyapps:zxing-android-embedded:3.6.0] AndroidManifest.xml:29:9-53
43        android:required="false" /> <!-- TODO replace above two with next line after Android 4.2 -->
43-->[com.journeyapps:zxing-android-embedded:3.6.0] AndroidManifest.xml:30:9-33
44    <!-- <uses-feature android:name="android.hardware.camera.any"/> -->
45    <uses-feature
45-->[com.journeyapps:zxing-android-embedded:3.6.0] AndroidManifest.xml:33:5-35:36
46        android:name="android.hardware.camera.autofocus"
46-->[com.journeyapps:zxing-android-embedded:3.6.0] AndroidManifest.xml:34:9-57
47        android:required="false" />
47-->[com.journeyapps:zxing-android-embedded:3.6.0] AndroidManifest.xml:35:9-33
48    <uses-feature
48-->[com.journeyapps:zxing-android-embedded:3.6.0] AndroidManifest.xml:36:5-38:36
49        android:name="android.hardware.camera.flash"
49-->[com.journeyapps:zxing-android-embedded:3.6.0] AndroidManifest.xml:37:9-53
50        android:required="false" />
50-->[com.journeyapps:zxing-android-embedded:3.6.0] AndroidManifest.xml:38:9-33
51    <uses-feature
51-->[com.journeyapps:zxing-android-embedded:3.6.0] AndroidManifest.xml:39:5-41:36
52        android:name="android.hardware.screen.landscape"
52-->[com.journeyapps:zxing-android-embedded:3.6.0] AndroidManifest.xml:40:9-57
53        android:required="false" />
53-->[com.journeyapps:zxing-android-embedded:3.6.0] AndroidManifest.xml:41:9-33
54    <uses-feature
54-->[com.journeyapps:zxing-android-embedded:3.6.0] AndroidManifest.xml:42:5-44:36
55        android:name="android.hardware.wifi"
55-->[com.journeyapps:zxing-android-embedded:3.6.0] AndroidManifest.xml:43:9-45
56        android:required="false" />
56-->[com.journeyapps:zxing-android-embedded:3.6.0] AndroidManifest.xml:44:9-33
57
58    <uses-permission android:name="android.permission.WAKE_LOCK" />
58-->[com.google.android.gms:play-services-measurement-api:21.1.1] AndroidManifest.xml:24:5-68
58-->[com.google.android.gms:play-services-measurement-api:21.1.1] AndroidManifest.xml:24:22-65
59    <uses-permission android:name="com.google.android.finsky.permission.BIND_GET_INSTALL_REFERRER_SERVICE" />
59-->[com.google.android.gms:play-services-measurement:21.1.1] AndroidManifest.xml:26:5-110
59-->[com.google.android.gms:play-services-measurement:21.1.1] AndroidManifest.xml:26:22-107
60
61    <application
61-->src\main\AndroidManifest.xml:29:5-152:19
62        android:allowBackup="true"
62-->src\main\AndroidManifest.xml:30:9-35
63        android:appComponentFactory="androidx.core.app.CoreComponentFactory"
63-->[androidx.core:core:1.5.0] AndroidManifest.xml:24:18-86
64        android:debuggable="true"
65        android:extractNativeLibs="false"
66        android:hardwareAccelerated="true"
66-->src\main\AndroidManifest.xml:31:9-43
67        android:icon="@mipmap/ic_launcher"
67-->src\main\AndroidManifest.xml:32:9-43
68        android:label="RECO"
68-->src\main\AndroidManifest.xml:33:9-29
69        android:roundIcon="@mipmap/ic_launcher_round"
69-->src\main\AndroidManifest.xml:34:9-54
70        android:supportsRtl="true"
70-->src\main\AndroidManifest.xml:35:9-35
71        android:testOnly="true"
72        android:theme="@style/AppTheme" >
72-->src\main\AndroidManifest.xml:36:9-40
73        <uses-library android:name="com.google.android.maps" />
73-->src\main\AndroidManifest.xml:38:9-63
73-->src\main\AndroidManifest.xml:38:23-61
74        <uses-library
74-->src\main\AndroidManifest.xml:39:9-40:39
75            android:name="org.apache.http.legacy"
75-->src\main\AndroidManifest.xml:39:23-60
76            android:required="false" />
76-->src\main\AndroidManifest.xml:40:13-37
77
78        <activity android:name="com.example.kmj_reco.InformationActivity" />
78-->src\main\AndroidManifest.xml:42:9-57
78-->src\main\AndroidManifest.xml:42:19-54
79        <activity android:name="com.example.kmj_reco.Home" />
79-->src\main\AndroidManifest.xml:43:9-42
79-->src\main\AndroidManifest.xml:43:19-39
80        <activity android:name="com.example.kmj_reco.MyPageActivity" />
80-->src\main\AndroidManifest.xml:44:9-52
80-->src\main\AndroidManifest.xml:44:19-49
81        <activity
81-->src\main\AndroidManifest.xml:45:9-46:50
82            android:name="com.example.kmj_reco.RegisterActivity"
82-->src\main\AndroidManifest.xml:45:19-51
83            android:usesCleartextTraffic="true" />
83-->src\main\AndroidManifest.xml:46:13-48
84        <activity android:name="com.example.kmj_reco.ServiceCenterActivity" />
84-->src\main\AndroidManifest.xml:48:9-58
84-->src\main\AndroidManifest.xml:48:19-56
85        <activity android:name="com.example.kmj_reco.ServiceDetailActivity" />
85-->src\main\AndroidManifest.xml:49:9-59
85-->src\main\AndroidManifest.xml:49:19-56
86        <activity android:name="com.example.kmj_reco.ServiceHistoryActivity" />
86-->src\main\AndroidManifest.xml:50:9-60
86-->src\main\AndroidManifest.xml:50:19-57
87        <activity
87-->src\main\AndroidManifest.xml:52:9-54:40
88            android:name="com.example.kmj_reco.CouponAdminDetail2Edit"
88-->src\main\AndroidManifest.xml:53:13-51
89            android:exported="false" />
89-->src\main\AndroidManifest.xml:54:13-37
90        <activity
90-->src\main\AndroidManifest.xml:55:9-57:40
91            android:name="com.example.kmj_reco.CouponAdminDetail2Plus"
91-->src\main\AndroidManifest.xml:56:13-51
92            android:exported="false" />
92-->src\main\AndroidManifest.xml:57:13-37
93        <activity
93-->src\main\AndroidManifest.xml:58:9-60:40
94            android:name="com.example.kmj_reco.CouponAdminDetailPlus"
94-->src\main\AndroidManifest.xml:59:13-50
95            android:exported="false" />
95-->src\main\AndroidManifest.xml:60:13-37
96        <activity
96-->src\main\AndroidManifest.xml:61:9-63:40
97            android:name="com.example.kmj_reco.CouponHistoryDetail"
97-->src\main\AndroidManifest.xml:62:13-48
98            android:exported="false" />
98-->src\main\AndroidManifest.xml:63:13-37
99        <activity
99-->src\main\AndroidManifest.xml:64:9-66:40
100            android:name="com.example.kmj_reco.CouponAdminDetail2"
100-->src\main\AndroidManifest.xml:65:13-47
101            android:exported="false" />
101-->src\main\AndroidManifest.xml:66:13-37
102        <activity
102-->src\main\AndroidManifest.xml:67:9-69:40
103            android:name="com.example.kmj_reco.CouponAdminDetail"
103-->src\main\AndroidManifest.xml:68:13-46
104            android:exported="false" />
104-->src\main\AndroidManifest.xml:69:13-37
105        <activity
105-->src\main\AndroidManifest.xml:70:9-73:45
106            android:name="com.example.kmj_reco.BuyFinish"
106-->src\main\AndroidManifest.xml:71:13-38
107            android:exported="false" />
107-->src\main\AndroidManifest.xml:72:13-37
108        <activity
108-->src\main\AndroidManifest.xml:74:9-77:45
109            android:name="com.example.kmj_reco.BuyCoupon"
109-->src\main\AndroidManifest.xml:75:13-38
110            android:exported="false" />
110-->src\main\AndroidManifest.xml:76:13-37
111        <activity
111-->src\main\AndroidManifest.xml:78:9-80:40
112            android:name="com.example.kmj_reco.CouponHistory"
112-->src\main\AndroidManifest.xml:79:13-42
113            android:exported="false" />
113-->src\main\AndroidManifest.xml:80:13-37
114        <activity
114-->src\main\AndroidManifest.xml:81:9-83:40
115            android:name="com.example.kmj_reco.Alert"
115-->src\main\AndroidManifest.xml:82:13-34
116            android:exported="false" />
116-->src\main\AndroidManifest.xml:83:13-37
117        <activity
117-->src\main\AndroidManifest.xml:84:9-86:40
118            android:name="com.example.kmj_reco.CouponDetail"
118-->src\main\AndroidManifest.xml:85:13-41
119            android:exported="false" />
119-->src\main\AndroidManifest.xml:86:13-37
120        <activity
120-->src\main\AndroidManifest.xml:87:9-89:40
121            android:name="com.example.kmj_reco.Coupon"
121-->src\main\AndroidManifest.xml:88:13-35
122            android:exported="false" />
122-->src\main\AndroidManifest.xml:89:13-37
123        <activity
123-->src\main\AndroidManifest.xml:90:9-92:40
124            android:name="com.example.kmj_reco.CouponAdmin"
124-->src\main\AndroidManifest.xml:91:13-40
125            android:exported="false" />
125-->src\main\AndroidManifest.xml:92:13-37
126        <activity
126-->src\main\AndroidManifest.xml:93:9-95:40
127            android:name="com.example.kmj_reco.Settings"
127-->src\main\AndroidManifest.xml:94:13-37
128            android:exported="false" />
128-->src\main\AndroidManifest.xml:95:13-37
129        <activity
129-->src\main\AndroidManifest.xml:97:9-99:40
130            android:name="com.example.kmj_reco.QrActivity"
130-->src\main\AndroidManifest.xml:98:13-39
131            android:exported="false" />
131-->src\main\AndroidManifest.xml:99:13-37
132        <activity
132-->src\main\AndroidManifest.xml:100:9-102:52
133            android:name="com.example.kmj_reco.CameraActivity"
133-->src\main\AndroidManifest.xml:101:13-43
134            android:screenOrientation="portrait" />
134-->src\main\AndroidManifest.xml:102:13-49
135        <activity android:name="com.example.kmj_reco.CameraSuccess" />
135-->src\main\AndroidManifest.xml:103:9-50
135-->src\main\AndroidManifest.xml:103:19-48
136        <activity android:name="com.example.kmj_reco.Map" />
136-->src\main\AndroidManifest.xml:105:9-41
136-->src\main\AndroidManifest.xml:105:19-38
137        <activity
137-->src\main\AndroidManifest.xml:106:9-107:78
138            android:name="com.example.kmj_reco.RecobinDetail"
138-->src\main\AndroidManifest.xml:106:19-48
139            android:theme="@android:style/Theme.DeviceDefault.Light.Dialog" />
139-->src\main\AndroidManifest.xml:107:13-76
140        <activity
140-->src\main\AndroidManifest.xml:108:9-109:78
141            android:name="com.example.kmj_reco.AddressDetail"
141-->src\main\AndroidManifest.xml:108:19-48
142            android:theme="@android:style/Theme.DeviceDefault.Light.Dialog" />
142-->src\main\AndroidManifest.xml:109:13-76
143        <activity android:name="com.example.kmj_reco.QuizMain" />
143-->src\main\AndroidManifest.xml:111:9-46
143-->src\main\AndroidManifest.xml:111:19-43
144        <activity
144-->src\main\AndroidManifest.xml:112:9-114:79
145            android:name="com.example.kmj_reco.QuizFail"
145-->src\main\AndroidManifest.xml:113:13-37
146            android:theme="@android:style/Theme.DeviceDefault.Light.Dialog" />
146-->src\main\AndroidManifest.xml:114:13-76
147        <activity
147-->src\main\AndroidManifest.xml:115:9-117:79
148            android:name="com.example.kmj_reco.QuizSuccess"
148-->src\main\AndroidManifest.xml:116:13-40
149            android:theme="@android:style/Theme.DeviceDefault.Light.Dialog" />
149-->src\main\AndroidManifest.xml:117:13-76
150        <activity android:name="com.example.kmj_reco.QuizAnswer" />
150-->src\main\AndroidManifest.xml:118:9-48
150-->src\main\AndroidManifest.xml:118:19-45
151        <activity android:name="com.example.kmj_reco.Event" />
151-->src\main\AndroidManifest.xml:120:9-43
151-->src\main\AndroidManifest.xml:120:19-40
152        <activity android:name="com.example.kmj_reco.Notice" />
152-->src\main\AndroidManifest.xml:121:9-43
152-->src\main\AndroidManifest.xml:121:19-41
153        <activity android:name="com.example.kmj_reco.NoticeDetail" />
153-->src\main\AndroidManifest.xml:122:9-49
153-->src\main\AndroidManifest.xml:122:19-47
154        <activity
154-->src\main\AndroidManifest.xml:124:9-131:20
155            android:name="com.example.kmj_reco.LoginActivity"
155-->src\main\AndroidManifest.xml:124:19-48
156            android:label="@string/app_name" >
156-->src\main\AndroidManifest.xml:125:13-45
157            <intent-filter>
157-->src\main\AndroidManifest.xml:126:13-130:29
158                <action android:name="android.intent.action.MAIN" />
158-->src\main\AndroidManifest.xml:127:17-69
158-->src\main\AndroidManifest.xml:127:25-66
159
160                <category android:name="android.intent.category.LAUNCHER" />
160-->src\main\AndroidManifest.xml:129:17-77
160-->src\main\AndroidManifest.xml:129:27-74
161            </intent-filter>
162        </activity>
163
164        <provider
164-->src\main\AndroidManifest.xml:133:9-141:20
165            android:name="androidx.core.content.FileProvider"
165-->src\main\AndroidManifest.xml:134:13-62
166            android:authorities="com.example.kmj_reco"
166-->src\main\AndroidManifest.xml:135:13-55
167            android:exported="false"
167-->src\main\AndroidManifest.xml:136:13-37
168            android:grantUriPermissions="true" >
168-->src\main\AndroidManifest.xml:137:13-47
169            <meta-data
169-->src\main\AndroidManifest.xml:138:13-140:54
170                android:name="android.support.FILE_PROVIDER_PATHS"
170-->src\main\AndroidManifest.xml:139:17-67
171                android:resource="@xml/file_paths" />
171-->src\main\AndroidManifest.xml:140:17-51
172        </provider>
173
174        <meta-data
174-->src\main\AndroidManifest.xml:143:9-145:39
175            android:name="com.google.android.gms.vision.DEPENDENCIES"
175-->src\main\AndroidManifest.xml:144:13-70
176            android:value="barcode" />
176-->src\main\AndroidManifest.xml:145:13-36
177        <meta-data
177-->src\main\AndroidManifest.xml:146:9-148:70
178            android:name="com.google.android.geo.API_KEY"
178-->src\main\AndroidManifest.xml:147:13-58
179            android:value="AIzaSyAnc6Nh7exlKrLGoembrNdHMccZ4hffgg8" />
179-->src\main\AndroidManifest.xml:148:13-68
180        <meta-data
180-->src\main\AndroidManifest.xml:149:9-151:68
181            android:name="com.google.android.gms.vision"
181-->src\main\AndroidManifest.xml:150:13-57
182            android:value="@integer/google_play_services_version" />
182-->src\main\AndroidManifest.xml:151:13-66
183
184        <activity
184-->[com.facebook.android:audience-network-sdk:6.12.0] AndroidManifest.xml:20:9-24:75
185            android:name="com.facebook.ads.AudienceNetworkActivity"
185-->[com.facebook.android:audience-network-sdk:6.12.0] AndroidManifest.xml:21:13-68
186            android:configChanges="keyboardHidden|orientation|screenSize"
186-->[com.facebook.android:audience-network-sdk:6.12.0] AndroidManifest.xml:22:13-74
187            android:exported="false"
187-->[com.facebook.android:audience-network-sdk:6.12.0] AndroidManifest.xml:23:13-37
188            android:theme="@android:style/Theme.Translucent.NoTitleBar" />
188-->[com.facebook.android:audience-network-sdk:6.12.0] AndroidManifest.xml:24:13-72
189
190        <provider
190-->[com.facebook.android:audience-network-sdk:6.12.0] AndroidManifest.xml:26:9-29:40
191            android:name="com.facebook.ads.AudienceNetworkContentProvider"
191-->[com.facebook.android:audience-network-sdk:6.12.0] AndroidManifest.xml:27:13-75
192            android:authorities="com.example.kmj_reco.AudienceNetworkContentProvider"
192-->[com.facebook.android:audience-network-sdk:6.12.0] AndroidManifest.xml:28:13-82
193            android:exported="false" />
193-->[com.facebook.android:audience-network-sdk:6.12.0] AndroidManifest.xml:29:13-37
194        <provider
194-->[com.google.firebase:firebase-perf:20.1.0] AndroidManifest.xml:14:9-18:39
195            android:name="com.google.firebase.perf.provider.FirebasePerfProvider"
195-->[com.google.firebase:firebase-perf:20.1.0] AndroidManifest.xml:15:13-82
196            android:authorities="com.example.kmj_reco.firebaseperfprovider"
196-->[com.google.firebase:firebase-perf:20.1.0] AndroidManifest.xml:16:13-72
197            android:exported="false"
197-->[com.google.firebase:firebase-perf:20.1.0] AndroidManifest.xml:17:13-37
198            android:initOrder="101" />
198-->[com.google.firebase:firebase-perf:20.1.0] AndroidManifest.xml:18:13-36
199
200        <service
200-->[com.google.firebase:firebase-perf:20.1.0] AndroidManifest.xml:20:9-26:19
201            android:name="com.google.firebase.components.ComponentDiscoveryService"
201-->[com.google.firebase:firebase-perf:20.1.0] AndroidManifest.xml:21:13-84
202            android:directBootAware="true"
202-->[com.google.firebase:firebase-common:20.1.2] AndroidManifest.xml:35:13-43
203            android:exported="false" >
203-->[com.google.firebase:firebase-perf:20.1.0] AndroidManifest.xml:22:13-37
204            <meta-data
204-->[com.google.firebase:firebase-perf:20.1.0] AndroidManifest.xml:23:13-25:85
205                android:name="com.google.firebase.components:com.google.firebase.perf.FirebasePerfRegistrar"
205-->[com.google.firebase:firebase-perf:20.1.0] AndroidManifest.xml:24:17-109
206                android:value="com.google.firebase.components.ComponentRegistrar" />
206-->[com.google.firebase:firebase-perf:20.1.0] AndroidManifest.xml:25:17-82
207            <meta-data
207-->[com.google.firebase:firebase-database:20.0.5] AndroidManifest.xml:32:13-34:85
208                android:name="com.google.firebase.components:com.google.firebase.database.DatabaseRegistrar"
208-->[com.google.firebase:firebase-database:20.0.5] AndroidManifest.xml:33:17-109
209                android:value="com.google.firebase.components.ComponentRegistrar" />
209-->[com.google.firebase:firebase-database:20.0.5] AndroidManifest.xml:34:17-82
210            <meta-data
210-->[com.google.firebase:firebase-auth:21.0.6] AndroidManifest.xml:67:13-69:85
211                android:name="com.google.firebase.components:com.google.firebase.auth.FirebaseAuthRegistrar"
211-->[com.google.firebase:firebase-auth:21.0.6] AndroidManifest.xml:68:17-109
212                android:value="com.google.firebase.components.ComponentRegistrar" />
212-->[com.google.firebase:firebase-auth:21.0.6] AndroidManifest.xml:69:17-82
213            <meta-data
213-->[com.google.firebase:firebase-firestore:24.2.1] AndroidManifest.xml:20:13-22:85
214                android:name="com.google.firebase.components:com.google.firebase.firestore.FirestoreRegistrar"
214-->[com.google.firebase:firebase-firestore:24.2.1] AndroidManifest.xml:21:17-111
215                android:value="com.google.firebase.components.ComponentRegistrar" />
215-->[com.google.firebase:firebase-firestore:24.2.1] AndroidManifest.xml:22:17-82
216            <meta-data
216-->[com.google.firebase:firebase-storage:20.0.2] AndroidManifest.xml:33:13-35:85
217                android:name="com.google.firebase.components:com.google.firebase.storage.StorageRegistrar"
217-->[com.google.firebase:firebase-storage:20.0.2] AndroidManifest.xml:34:17-107
218                android:value="com.google.firebase.components.ComponentRegistrar" />
218-->[com.google.firebase:firebase-storage:20.0.2] AndroidManifest.xml:35:17-82
219            <meta-data
219-->[com.google.firebase:firebase-datatransport:18.1.4] AndroidManifest.xml:28:13-30:85
220                android:name="com.google.firebase.components:com.google.firebase.datatransport.TransportRegistrar"
220-->[com.google.firebase:firebase-datatransport:18.1.4] AndroidManifest.xml:29:17-115
221                android:value="com.google.firebase.components.ComponentRegistrar" />
221-->[com.google.firebase:firebase-datatransport:18.1.4] AndroidManifest.xml:30:17-82
222            <meta-data
222-->[com.google.firebase:firebase-config:21.1.1] AndroidManifest.xml:32:13-34:85
223                android:name="com.google.firebase.components:com.google.firebase.remoteconfig.RemoteConfigRegistrar"
223-->[com.google.firebase:firebase-config:21.1.1] AndroidManifest.xml:33:17-117
224                android:value="com.google.firebase.components.ComponentRegistrar" />
224-->[com.google.firebase:firebase-config:21.1.1] AndroidManifest.xml:34:17-82
225            <meta-data
225-->[com.google.android.gms:play-services-measurement-api:21.1.1] AndroidManifest.xml:31:13-33:85
226                android:name="com.google.firebase.components:com.google.firebase.analytics.connector.internal.AnalyticsConnectorRegistrar"
226-->[com.google.android.gms:play-services-measurement-api:21.1.1] AndroidManifest.xml:32:17-139
227                android:value="com.google.firebase.components.ComponentRegistrar" />
227-->[com.google.android.gms:play-services-measurement-api:21.1.1] AndroidManifest.xml:33:17-82
228            <meta-data
228-->[com.google.firebase:firebase-installations:17.0.1] AndroidManifest.xml:18:13-20:85
229                android:name="com.google.firebase.components:com.google.firebase.installations.FirebaseInstallationsRegistrar"
229-->[com.google.firebase:firebase-installations:17.0.1] AndroidManifest.xml:19:17-127
230                android:value="com.google.firebase.components.ComponentRegistrar" />
230-->[com.google.firebase:firebase-installations:17.0.1] AndroidManifest.xml:20:17-82
231            <meta-data
231-->[com.google.firebase:firebase-abt:21.0.1] AndroidManifest.xml:13:13-15:85
232                android:name="com.google.firebase.components:com.google.firebase.abt.component.AbtRegistrar"
232-->[com.google.firebase:firebase-abt:21.0.1] AndroidManifest.xml:14:17-109
233                android:value="com.google.firebase.components.ComponentRegistrar" />
233-->[com.google.firebase:firebase-abt:21.0.1] AndroidManifest.xml:15:17-82
234        </service>
235
236        <activity
236-->[com.journeyapps:zxing-android-embedded:3.6.0] AndroidManifest.xml:47:9-53:63
237            android:name="com.journeyapps.barcodescanner.CaptureActivity"
237-->[com.journeyapps:zxing-android-embedded:3.6.0] AndroidManifest.xml:48:13-74
238            android:clearTaskOnLaunch="true"
238-->[com.journeyapps:zxing-android-embedded:3.6.0] AndroidManifest.xml:49:13-45
239            android:screenOrientation="sensorLandscape"
239-->[com.journeyapps:zxing-android-embedded:3.6.0] AndroidManifest.xml:50:13-56
240            android:stateNotNeeded="true"
240-->[com.journeyapps:zxing-android-embedded:3.6.0] AndroidManifest.xml:51:13-42
241            android:theme="@style/zxing_CaptureTheme"
241-->[com.journeyapps:zxing-android-embedded:3.6.0] AndroidManifest.xml:52:13-54
242            android:windowSoftInputMode="stateAlwaysHidden" />
242-->[com.journeyapps:zxing-android-embedded:3.6.0] AndroidManifest.xml:53:13-60
243        <activity
243-->[com.google.firebase:firebase-auth:21.0.6] AndroidManifest.xml:27:9-44:20
244            android:name="com.google.firebase.auth.internal.GenericIdpActivity"
244-->[com.google.firebase:firebase-auth:21.0.6] AndroidManifest.xml:28:13-80
245            android:excludeFromRecents="true"
245-->[com.google.firebase:firebase-auth:21.0.6] AndroidManifest.xml:29:13-46
246            android:exported="true"
246-->[com.google.firebase:firebase-auth:21.0.6] AndroidManifest.xml:30:13-36
247            android:launchMode="singleTask"
247-->[com.google.firebase:firebase-auth:21.0.6] AndroidManifest.xml:31:13-44
248            android:theme="@android:style/Theme.Translucent.NoTitleBar" >
248-->[com.google.firebase:firebase-auth:21.0.6] AndroidManifest.xml:32:13-72
249            <intent-filter>
249-->[com.google.firebase:firebase-auth:21.0.6] AndroidManifest.xml:33:13-43:29
250                <action android:name="android.intent.action.VIEW" />
250-->[com.google.firebase:firebase-auth:21.0.6] AndroidManifest.xml:34:17-69
250-->[com.google.firebase:firebase-auth:21.0.6] AndroidManifest.xml:34:25-66
251
252                <category android:name="android.intent.category.DEFAULT" />
252-->[com.google.firebase:firebase-auth:21.0.6] AndroidManifest.xml:36:17-76
252-->[com.google.firebase:firebase-auth:21.0.6] AndroidManifest.xml:36:27-73
253                <category android:name="android.intent.category.BROWSABLE" />
253-->[com.google.firebase:firebase-auth:21.0.6] AndroidManifest.xml:37:17-78
253-->[com.google.firebase:firebase-auth:21.0.6] AndroidManifest.xml:37:27-75
254
255                <data
255-->[com.google.firebase:firebase-auth:21.0.6] AndroidManifest.xml:39:17-42:51
256                    android:host="firebase.auth"
256-->[com.google.firebase:firebase-auth:21.0.6] AndroidManifest.xml:40:21-49
257                    android:path="/"
257-->[com.google.firebase:firebase-auth:21.0.6] AndroidManifest.xml:41:21-37
258                    android:scheme="genericidp" />
258-->[com.google.firebase:firebase-auth:21.0.6] AndroidManifest.xml:42:21-48
259            </intent-filter>
260        </activity>
261        <activity
261-->[com.google.firebase:firebase-auth:21.0.6] AndroidManifest.xml:45:9-62:20
262            android:name="com.google.firebase.auth.internal.RecaptchaActivity"
262-->[com.google.firebase:firebase-auth:21.0.6] AndroidManifest.xml:46:13-79
263            android:excludeFromRecents="true"
263-->[com.google.firebase:firebase-auth:21.0.6] AndroidManifest.xml:47:13-46
264            android:exported="true"
264-->[com.google.firebase:firebase-auth:21.0.6] AndroidManifest.xml:48:13-36
265            android:launchMode="singleTask"
265-->[com.google.firebase:firebase-auth:21.0.6] AndroidManifest.xml:49:13-44
266            android:theme="@android:style/Theme.Translucent.NoTitleBar" >
266-->[com.google.firebase:firebase-auth:21.0.6] AndroidManifest.xml:50:13-72
267            <intent-filter>
267-->[com.google.firebase:firebase-auth:21.0.6] AndroidManifest.xml:51:13-61:29
268                <action android:name="android.intent.action.VIEW" />
268-->[com.google.firebase:firebase-auth:21.0.6] AndroidManifest.xml:34:17-69
268-->[com.google.firebase:firebase-auth:21.0.6] AndroidManifest.xml:34:25-66
269
270                <category android:name="android.intent.category.DEFAULT" />
270-->[com.google.firebase:firebase-auth:21.0.6] AndroidManifest.xml:36:17-76
270-->[com.google.firebase:firebase-auth:21.0.6] AndroidManifest.xml:36:27-73
271                <category android:name="android.intent.category.BROWSABLE" />
271-->[com.google.firebase:firebase-auth:21.0.6] AndroidManifest.xml:37:17-78
271-->[com.google.firebase:firebase-auth:21.0.6] AndroidManifest.xml:37:27-75
272
273                <data
273-->[com.google.firebase:firebase-auth:21.0.6] AndroidManifest.xml:39:17-42:51
274                    android:host="firebase.auth"
274-->[com.google.firebase:firebase-auth:21.0.6] AndroidManifest.xml:40:21-49
275                    android:path="/"